#
# There is insufficient memory for the Java Runtime Environment to continue.
# Native memory allocation (mmap) failed to map 134217728 bytes for G1 virtual space
# Possible reasons:
#   The system is out of physical RAM or swap space
#   The process is running with CompressedOops enabled, and the Java Heap may be blocking the growth of the native heap
# Possible solutions:
#   Reduce memory load on the system
#   Increase physical memory or swap space
#   Check if swap backing store is full
#   Decrease Java heap size (-Xmx/-Xms)
#   Decrease number of Java threads
#   Decrease Java thread stack sizes (-Xss)
#   Set larger code cache with -XX:ReservedCodeCacheSize=
#   JVM is running with Unscaled Compressed Oops mode in which the Java heap is
#     placed in the first 4GB address space. The Java Heap base address is the
#     maximum limit for the native heap growth. Please use -XX:HeapBaseMinAddress
#     to set the Java Heap base and to place the Java Heap above 4GB virtual address.
# This output file may be truncated or incomplete.
#
#  Out of Memory Error (os_windows.cpp:3466), pid=37028, tid=16172
#
# JRE version:  (16.0.2+7) (build )
# Java VM: OpenJDK 64-Bit Server VM (16.0.2+7-67, mixed mode, sharing, tiered, compressed oops, compressed class ptrs, g1 gc, windows-amd64)
# No core dump will be written. Minidumps are not enabled by default on client versions of Windows
#

---------------  S U M M A R Y ------------

Command Line: -Dfile.encoding=MS949 --module-path=D:\인터넷_다운로드\mysql-connector-java-8.0.29\mysql-connector-java-8.0.29.jar -XX:+ShowCodeDetailsInExceptionMessages Main

Host: Intel(R) Core(TM) i7-8750H CPU @ 2.20GHz, 12 cores, 7G,  Windows 10 , 64 bit Build 22000 (10.0.22000.708)
Time: Thu Jun 30 02:44:07 2022  Windows 10 , 64 bit Build 22000 (10.0.22000.708) elapsed time: 0.161091 seconds (0d 0h 0m 0s)

---------------  T H R E A D  ---------------

Current thread (0x000002749a5dd0b0):  JavaThread "Unknown thread" [_thread_in_vm, id=16172, stack(0x000000ab44b00000,0x000000ab44c00000)]

Stack: [0x000000ab44b00000,0x000000ab44c00000]
Native frames: (J=compiled Java code, j=interpreted, Vv=VM code, C=native code)
V  [jvm.dll+0x6681ca]
V  [jvm.dll+0x7c9e69]
V  [jvm.dll+0x7cb61e]
V  [jvm.dll+0x7cbc73]
V  [jvm.dll+0x242c55]
V  [jvm.dll+0x664f89]
V  [jvm.dll+0x659b75]
V  [jvm.dll+0x2fbfbb]
V  [jvm.dll+0x3031b6]
V  [jvm.dll+0x35299e]
V  [jvm.dll+0x352bcf]
V  [jvm.dll+0x2d3028]
V  [jvm.dll+0x2d4264]
V  [jvm.dll+0x79c741]
V  [jvm.dll+0x360791]
V  [jvm.dll+0x77a3f0]
V  [jvm.dll+0x3e4e8f]
V  [jvm.dll+0x3e6961]
C  [jli.dll+0x52fb]
C  [ucrtbase.dll+0x26c0c]
C  [KERNEL32.DLL+0x154e0]
C  [ntdll.dll+0x485b]


---------------  P R O C E S S  ---------------

Threads class SMR info:
_java_thread_list=0x00007ffb5e81cbb8, length=0, elements={
}

Java Threads: ( => current thread )

Other Threads:
  0x000002749a625ce0 GCTaskThread "GC Thread#0" [stack: 0x000000ab44c00000,0x000000ab44d00000] [id=9952]
  0x000002749a637200 ConcurrentGCThread "G1 Main Marker" [stack: 0x000000ab44d00000,0x000000ab44e00000] [id=31548]
  0x000002749a637cf0 ConcurrentGCThread "G1 Conc#0" [stack: 0x000000ab44e00000,0x000000ab44f00000] [id=37556]

[error occurred during error reporting (printing all threads), id 0xc0000005, EXCEPTION_ACCESS_VIOLATION (0xc0000005) at pc=0x00007ffb5dff3ee7]

VM state: not at safepoint (not fully initialized)

VM Mutex/Monitor currently owned by a thread:  ([mutex/lock_event])
[0x000002749a5da290] Heap_lock - owner thread: 0x000002749a5dd0b0

Heap address: 0x0000000081e00000, size: 2018 MB, Compressed Oops mode: 32-bit

CDS archive(s) mapped at: [0x0000000000000000-0x0000000000000000-0x0000000000000000), size 0, SharedBaseAddress: 0x0000000800000000, ArchiveRelocationMode: 0.
Narrow klass base: 0x0000000000000000, Narrow klass shift: 0, Narrow klass range: 0x0

GC Precious Log:
<Empty>

Heap:
 garbage-first heap   total 0K, used 0K [0x0000000081e00000, 0x0000000100000000)
  region size 1024K, 0 young (0K), 0 survivors (0K)

[error occurred during error reporting (printing heap information), id 0xc0000005, EXCEPTION_ACCESS_VIOLATION (0xc0000005) at pc=0x00007ffb5e3d1eed]

GC Heap History (0 events):
No events

Deoptimization events (0 events):
No events

Classes unloaded (0 events):
No events

Classes redefined (0 events):
No events

Internal exceptions (0 events):
No events

Events (1 events):
Event: 0.015 Loaded shared library D:\KoreaIT\JAVA\1900_java1_YHC(21.10)\RESOURCE\eclipse\plugins\org.eclipse.justj.openjdk.hotspot.jre.full.win32.x86_64_16.0.2.v20210721-1149\jre\bin\java.dll


Dynamic libraries:
0x00007ff79d530000 - 0x00007ff79d53e000 	D:\KoreaIT\JAVA\1900_java1_YHC(21.10)\RESOURCE\eclipse\plugins\org.eclipse.justj.openjdk.hotspot.jre.full.win32.x86_64_16.0.2.v20210721-1149\jre\bin\javaw.exe
0x00007ffbab2a0000 - 0x00007ffbab4a9000 	C:\WINDOWS\SYSTEM32\ntdll.dll
0x00007ffbaa190000 - 0x00007ffbaa24d000 	C:\WINDOWS\System32\KERNEL32.DLL
0x00007ffba8850000 - 0x00007ffba8bc9000 	C:\WINDOWS\System32\KERNELBASE.dll
0x00007ffba9010000 - 0x00007ffba9121000 	C:\WINDOWS\System32\ucrtbase.dll
0x00007ffb975c0000 - 0x00007ffb975d8000 	D:\KoreaIT\JAVA\1900_java1_YHC(21.10)\RESOURCE\eclipse\plugins\org.eclipse.justj.openjdk.hotspot.jre.full.win32.x86_64_16.0.2.v20210721-1149\jre\bin\jli.dll
0x00007ffb975a0000 - 0x00007ffb975b9000 	D:\KoreaIT\JAVA\1900_java1_YHC(21.10)\RESOURCE\eclipse\plugins\org.eclipse.justj.openjdk.hotspot.jre.full.win32.x86_64_16.0.2.v20210721-1149\jre\bin\VCRUNTIME140.dll
0x00007ffbaaac0000 - 0x00007ffbaac6c000 	C:\WINDOWS\System32\USER32.dll
0x00007ffba8780000 - 0x00007ffba87a6000 	C:\WINDOWS\System32\win32u.dll
0x00007ffba9830000 - 0x00007ffba9859000 	C:\WINDOWS\System32\GDI32.dll
0x00007ffba8e70000 - 0x00007ffba8f82000 	C:\WINDOWS\System32\gdi32full.dll
0x00007ffba87b0000 - 0x00007ffba884d000 	C:\WINDOWS\System32\msvcp_win.dll
0x00007ffb8c930000 - 0x00007ffb8cbd5000 	C:\WINDOWS\WinSxS\amd64_microsoft.windows.common-controls_6595b64144ccf1df_6.0.22000.120_none_9d947278b86cc467\COMCTL32.dll
0x00007ffba98d0000 - 0x00007ffba9973000 	C:\WINDOWS\System32\msvcrt.dll
0x00007ffbaa0e0000 - 0x00007ffbaa111000 	C:\WINDOWS\System32\IMM32.DLL
0x00007ffb96fc0000 - 0x00007ffb96fcc000 	D:\KoreaIT\JAVA\1900_java1_YHC(21.10)\RESOURCE\eclipse\plugins\org.eclipse.justj.openjdk.hotspot.jre.full.win32.x86_64_16.0.2.v20210721-1149\jre\bin\vcruntime140_1.dll
0x00007ffb762d0000 - 0x00007ffb76361000 	D:\KoreaIT\JAVA\1900_java1_YHC(21.10)\RESOURCE\eclipse\plugins\org.eclipse.justj.openjdk.hotspot.jre.full.win32.x86_64_16.0.2.v20210721-1149\jre\bin\msvcp140.dll
0x00007ffb5dd10000 - 0x00007ffb5e8bb000 	D:\KoreaIT\JAVA\1900_java1_YHC(21.10)\RESOURCE\eclipse\plugins\org.eclipse.justj.openjdk.hotspot.jre.full.win32.x86_64_16.0.2.v20210721-1149\jre\bin\server\jvm.dll
0x00007ffbaa250000 - 0x00007ffbaa2fe000 	C:\WINDOWS\System32\ADVAPI32.dll
0x00007ffba9da0000 - 0x00007ffba9e3e000 	C:\WINDOWS\System32\sechost.dll
0x00007ffbab090000 - 0x00007ffbab1b0000 	C:\WINDOWS\System32\RPCRT4.dll
0x00007ffba9ed0000 - 0x00007ffba9ed8000 	C:\WINDOWS\System32\PSAPI.DLL
0x00007ffba1f70000 - 0x00007ffba1fa3000 	C:\WINDOWS\SYSTEM32\WINMM.dll
0x00007ffb8bb00000 - 0x00007ffb8bb09000 	C:\WINDOWS\SYSTEM32\WSOCK32.dll
0x00007ffba0090000 - 0x00007ffba009a000 	C:\WINDOWS\SYSTEM32\VERSION.dll
0x00007ffba9860000 - 0x00007ffba98cf000 	C:\WINDOWS\System32\WS2_32.dll
0x00007ffba7970000 - 0x00007ffba7988000 	C:\WINDOWS\SYSTEM32\kernel.appcore.dll
0x00007ffba4330000 - 0x00007ffba433a000 	D:\KoreaIT\JAVA\1900_java1_YHC(21.10)\RESOURCE\eclipse\plugins\org.eclipse.justj.openjdk.hotspot.jre.full.win32.x86_64_16.0.2.v20210721-1149\jre\bin\jimage.dll
0x00007ffba6000000 - 0x00007ffba6221000 	C:\WINDOWS\SYSTEM32\DBGHELP.DLL
0x00007ffb90ff0000 - 0x00007ffb91021000 	C:\WINDOWS\SYSTEM32\dbgcore.DLL
0x00007ffba8f90000 - 0x00007ffba900f000 	C:\WINDOWS\System32\bcryptPrimitives.dll
0x00007ffba4280000 - 0x00007ffba42a5000 	D:\KoreaIT\JAVA\1900_java1_YHC(21.10)\RESOURCE\eclipse\plugins\org.eclipse.justj.openjdk.hotspot.jre.full.win32.x86_64_16.0.2.v20210721-1149\jre\bin\java.dll

dbghelp: loaded successfully - version: 4.0.5 - missing functions: none
symbol engine: initialized successfully - sym options: 0x614 - pdb path: .;D:\KoreaIT\JAVA\1900_java1_YHC(21.10)\RESOURCE\eclipse\plugins\org.eclipse.justj.openjdk.hotspot.jre.full.win32.x86_64_16.0.2.v20210721-1149\jre\bin;C:\WINDOWS\SYSTEM32;C:\WINDOWS\WinSxS\amd64_microsoft.windows.common-controls_6595b64144ccf1df_6.0.22000.120_none_9d947278b86cc467;D:\KoreaIT\JAVA\1900_java1_YHC(21.10)\RESOURCE\eclipse\plugins\org.eclipse.justj.openjdk.hotspot.jre.full.win32.x86_64_16.0.2.v20210721-1149\jre\bin\server

VM Arguments:
jvm_args: -Dfile.encoding=MS949 --module-path=D:\인터넷_다운로드\mysql-connector-java-8.0.29\mysql-connector-java-8.0.29.jar -XX:+ShowCodeDetailsInExceptionMessages 
java_command: Main
java_class_path (initial): D:\HGU\2022_summer\Round3\Database\bin
Launcher Type: SUN_STANDARD

[Global flags]
     intx CICompilerCount                          = 4                                         {product} {ergonomic}
     uint ConcGCThreads                            = 3                                         {product} {ergonomic}
     uint G1ConcRefinementThreads                  = 10                                        {product} {ergonomic}
   size_t G1HeapRegionSize                         = 1048576                                   {product} {ergonomic}
    uintx GCDrainStackTargetSize                   = 64                                        {product} {ergonomic}
   size_t InitialHeapSize                          = 134217728                                 {product} {ergonomic}
   size_t MarkStackSize                            = 4194304                                   {product} {ergonomic}
   size_t MaxHeapSize                              = 2116026368                                {product} {ergonomic}
   size_t MinHeapDeltaBytes                        = 1048576                                   {product} {ergonomic}
   size_t MinHeapSize                              = 8388608                                   {product} {ergonomic}
    uintx NonNMethodCodeHeapSize                   = 5839372                                {pd product} {ergonomic}
    uintx NonProfiledCodeHeapSize                  = 122909434                              {pd product} {ergonomic}
    uintx ProfiledCodeHeapSize                     = 122909434                              {pd product} {ergonomic}
    uintx ReservedCodeCacheSize                    = 251658240                              {pd product} {ergonomic}
     bool SegmentedCodeCache                       = true                                      {product} {ergonomic}
     bool ShowCodeDetailsInExceptionMessages       = true                                   {manageable} {command line}
   size_t SoftMaxHeapSize                          = 2116026368                             {manageable} {ergonomic}
     bool UseCompressedClassPointers               = true                           {product lp64_product} {ergonomic}
     bool UseCompressedOops                        = true                           {product lp64_product} {ergonomic}
     bool UseG1GC                                  = true                                      {product} {ergonomic}
     bool UseLargePagesIndividualAllocation        = false                                  {pd product} {ergonomic}

Logging:
Log output configuration:
 #0: stdout all=warning uptime,level,tags
 #1: stderr all=off uptime,level,tags

Environment Variables:
PATH=D:/KoreaIT/JAVA/1900_java1_YHC(21.10)/RESOURCE/eclipse//plugins/org.eclipse.justj.openjdk.hotspot.jre.full.win32.x86_64_16.0.2.v20210721-1149/jre/bin/server;D:/KoreaIT/JAVA/1900_java1_YHC(21.10)/RESOURCE/eclipse//plugins/org.eclipse.justj.openjdk.hotspot.jre.full.win32.x86_64_16.0.2.v20210721-1149/jre/bin;C:\Program Files\Common Files\Oracle\Java\javapath;C:\Program Files (x86)\Common Files\Oracle\Java\javapath;D:\21c\dbhomeXE\bin;C:\WINDOWS\system32;C:\WINDOWS;C:\WINDOWS\System32\Wbem;C:\WINDOWS\System32\WindowsPowerShell\v1.0\;C:\WINDOWS\System32\OpenSSH\;D:\응용프로그램\Git\cmd;D:\MATLAB\R2021b\bin;D:\Apache24\bin;C:\MinGW\bin;C:\Program Files\NVIDIA Corporation\NVIDIA NvDLISR;C:\Program Files (x86)\NVIDIA Corporation\PhysX\Common;C:\Program Files\nodejs\;C:\Program Files\MongoDB\Server\5.0\bin;C:\Program Files\PuTTY\;C:\Program Files (x86)\Vim\vim82;C:\gradle-7.4.2\bin;C:\Program Files\MySQL\MySQL Shell 8.0\bin\;C:\Users\yongh\AppData\Local\Programs\Python\Python38\Scripts\;C:\Users\yongh\AppData\Local\Programs\Python\Python38\;C:\Users\yongh\AppData\Local\Microsoft\WindowsApps;C:\Program Files\Bandizip\;D:\응용프로그램\Microsoft VS Code\bin;C:\Users\yongh\AppData\Local\GitHubDesktop\bin;C:\Users\yongh\AppData\Roaming\npm;D:\KoreaIT\JAVA\1900_java1_YHC(21.10)\RESOURCE\eclipse;
USERNAME=YongHoon
OS=Windows_NT
PROCESSOR_IDENTIFIER=Intel64 Family 6 Model 158 Stepping 10, GenuineIntel



---------------  S Y S T E M  ---------------

OS:
 Windows 10 , 64 bit Build 22000 (10.0.22000.708)
OS uptime: 2 days 16:51 hours

CPU: total 12 (initial active 12) (6 cores per cpu, 2 threads per core) family 6 model 158 stepping 10 microcode 0xde, cx8, cmov, fxsr, ht, mmx, 3dnowpref, sse, sse2, sse3, ssse3, sse4.1, sse4.2, popcnt, lzcnt, tsc, tscinvbit, avx, avx2, aes, erms, clmul, bmi1, bmi2, adx, fma, vzeroupper, clflush, clflushopt

Memory: 4k page, system-wide physical 8065M (789M free)
TotalPageFile size 32641M (AvailPageFile size 15M)
current process WorkingSet (physical memory assigned to process): 10M, peak: 10M
current process commit charge ("private bytes"): 64M, peak: 192M

vm_info: OpenJDK 64-Bit Server VM (16.0.2+7-67) for windows-amd64 JRE (16.0.2+7-67), built on Jun  8 2021 23:21:43 by "mach5one" with MS VC++ 16.7 (VS2019)

END.
